<?xml version="1.0" encoding="UTF-8"?>
<!-- Generated by org.testng.reporters.JUnitReportReporter -->
<testsuite hostname="DESKTOP-GUNIGD1" failures="0" tests="2" name="websitesTest.Webs" time="0.026" errors="0" timestamp="2024-04-04T08:38:20 IST" skipped="0">
  <testcase classname="websitesTest.Webs" name="verifyCartValue" time="0.020"/>
  <testcase classname="websitesTest.Webs" name="verifyProductValue" time="0.006"/>
</testsuite> <!-- websitesTest.Webs -->
